2013-08-15 11:42:17.167 GrocerySync[35714:c07] >>>>>> 1 docs being updated
2013-08-15 11:42:17.168 GrocerySync[35714:c07] >>>>>> 2 docs being updated
11:42:17.170‖ Replication: TDPuller[http://cdb.quickresto.ru/grocery] took 15.247 sec; error=Error Domain=TDHTTP Code=401 "401 unauthorized" UserInfo=0x8b496c0 {NSURL=http://cdb.quickresto.ru/grocery/_local/d4d81ef2bd41f60622d52183d89757433cc08e06, NSLocalizedFailureReason=unauthorized, NSLocalizedDescription=401 unauthorized}
2013-08-15 11:42:17.172 GrocerySync[35714:3c07] CouchTouchDBServer[touchdb://server1/]: Replication progress changed
11:42:17.173‖ TDBasicAuthorizer initWith <http://cdb.quickresto.ru/grocery>
2013-08-15 11:42:17.175 GrocerySync[35714:c07] <<<<<< 1 docs being updated
11:42:17.176‖ Replication: TDPusher[http://cdb.quickresto.ru/grocery] took 15.241 sec; error=Error Domain=TDHTTP Code=401 "401 unauthorized" UserInfo=0x76588b0 {NSURL=http://cdb.quickresto.ru/grocery/_local/d0e06c4ff089a0e9af7366220c55812e85820460, NSLocalizedFailureReason=unauthorized, NSLocalizedDescription=401 unauthorized}
2013-08-15 11:42:17.177 GrocerySync[35714:3c07] CouchTouchDBServer[touchdb://server1/]: Replication progress changed
11:42:17.179‖ TDBasicAuthorizer initWith <http://cdb.quickresto.ru/grocery>
2013-08-15 11:42:17.181 GrocerySync[35714:c07] <<<<<< 0 docs being updated
2013-08-15 11:42:17.182 GrocerySync[35714:c07] **** CHANGE #6: CouchDocument[609F..0C62]  3-c6d641988d1cdcc1f015d0f5fb139a8c -> 4-abcf316bef539866825d961114e18f4f
2013-08-15 11:42:17.184 GrocerySync[35714:3c07] CouchTouchDBServer[touchdb://server1/]: Replication progress changed
2013-08-15 11:42:17.184 GrocerySync[35714:3c07] CouchTouchDBServer[touchdb://server1/]: Replication progress changed
2013-08-15 11:42:17.185 GrocerySync[35714:3c07] CouchTouchDBServer[touchdb://server1/]: Replication progress changed
2013-08-15 11:42:17.185 GrocerySync[35714:c07] CouchPersistentReplication[609F..0C62]: state := error
2013-08-15 11:42:17.186 GrocerySync[35714:c07] CouchPersistentReplication[609F..0C62] = (null)
2013-08-15 11:42:17.186 GrocerySync[35714:3c07] CouchTouchDBServer[touchdb://server1/]: Replication progress changed
2013-08-15 11:42:17.186 GrocerySync[35714:c07] OBSERVE_ERROR = Error Domain=CouchHTTPError Code=401 "401 unauthorized" UserInfo=0x884d580 {NSLocalizedFailureReason=401 unauthorized, NSURL=http://cdb.quickresto.ru/grocery, NSLocalizedDescription=401 unauthorized}
2013-08-15 11:42:17.186 GrocerySync[35714:c07] SYNC progress: 0 / 0
2013-08-15 11:42:17.187 GrocerySync[35714:c07] CouchDatabase: External change with seq=6
2013-08-15 11:42:17.187 GrocerySync[35714:c07] **** CHANGE #7: CouchDocument[609F..0C62]  4-abcf316bef539866825d961114e18f4f -> 5-bf3ca4e0a449e38df7aa6570e0e5c61c
2013-08-15 11:42:17.189 GrocerySync[35714:c07] CouchPersistentReplication[609F..0C62]: state := triggered
2013-08-15 11:42:17.190 GrocerySync[35714:c07] OBSERVE_ERROR = Error Domain=CouchHTTPError Code=401 "401 unauthorized" UserInfo=0x884d580 {NSLocalizedFailureReason=401 unauthorized, NSURL=http://cdb.quickresto.ru/grocery, NSLocalizedDescription=401 unauthorized}
2013-08-15 11:42:17.190 GrocerySync[35714:c07] SYNC progress: 0 / 0
2013-08-15 11:42:17.190 GrocerySync[35714:c07] CouchDatabase: External change with seq=7
2013-08-15 11:42:17.191 GrocerySync[35714:c07] **** CHANGE #9: CouchDocument[8530..0C73]  3-1ff3e64f7a1fc54ba77a283d01e4a15a -> 4-da23244ef96202aa5b5fad408be3f9ef
2013-08-15 11:42:17.192 GrocerySync[35714:c07] CouchPersistentReplication[8530..0C73]: state := error
2013-08-15 11:42:17.193 GrocerySync[35714:c07] CouchPersistentReplication[8530..0C73] = (null)
2013-08-15 11:42:17.193 GrocerySync[35714:c07] OBSERVE_ERROR = Error Domain=CouchHTTPError Code=401 "401 unauthorized" UserInfo=0x76802f0 {NSLocalizedFailureReason=401 unauthorized, NSURL=http://cdb.quickresto.ru/grocery, NSLocalizedDescription=401 unauthorized}
2013-08-15 11:42:17.193 GrocerySync[35714:c07] SYNC progress: 0 / 0
2013-08-15 11:42:17.194 GrocerySync[35714:c07] CouchDatabase: External change with seq=9
2013-08-15 11:42:17.194 GrocerySync[35714:c07] **** CHANGE #10: CouchDocument[8530..0C73]  4-da23244ef96202aa5b5fad408be3f9ef -> 5-147acc09d168392b8e16eef460a8d56c
2013-08-15 11:42:17.196 GrocerySync[35714:c07] CouchPersistentReplication[8530..0C73]: state := triggered
2013-08-15 11:42:17.196 GrocerySync[35714:c07] OBSERVE_ERROR = Error Domain=CouchHTTPError Code=401 "401 unauthorized" UserInfo=0x76802f0 {NSLocalizedFailureReason=401 unauthorized, NSURL=http://cdb.quickresto.ru/grocery, NSLocalizedDescription=401 unauthorized}
2013-08-15 11:42:17.196 GrocerySync[35714:c07] SYNC progress: 0 / 0
2013-08-15 11:42:17.197 GrocerySync[35714:c07] CouchDatabase: External change with seq=10
2013-08-15 11:42:17.197 GrocerySync[35714:c07] CouchLiveQuery: Starting...
2013-08-15 11:42:17.198 GrocerySync[35714:c07] CouchPersistentReplication[8530..0C73] = Offline
2013-08-15 11:42:17.199 GrocerySync[35714:c07] CouchPersistentReplication[609F..0C62] = Offline
2013-08-15 11:42:17.200 GrocerySync[35714:c07] CouchLiveQuery: ...Finished (status=200)
2013-08-15 11:42:17.200 GrocerySync[35714:c07] CouchLiveQuery: ...Rows changed! (now 2)
2013-08-15 11:42:17.276 GrocerySync[35714:3c07] CouchTouchDBServer[touchdb://server1/]: Replication progress changed
2013-08-15 11:42:17.279 GrocerySync[35714:c07] CouchPersistentReplication[8530..0C73] = Idle
2013-08-15 11:42:17.279 GrocerySync[35714:c07] CouchPersistentReplication[609F..0C62] = Processed 0 / 0 changes
2013-08-15 11:42:17.477 GrocerySync[35714:3c07] CouchTouchDBServer[touchdb://server1/]: Replication progress changed
2013-08-15 11:42:17.479 GrocerySync[35714:c07] CouchPersistentReplication[609F..0C62] = Processed 0 / 3 changes
2013-08-15 11:42:17.480 GrocerySync[35714:c07] SYNC progress: 0 / 3
2013-08-15 11:42:19.076 GrocerySync[35714:c07] **** CHANGE #3: CouchDocument[0DD6..B124]  (null) -> 3-e5b6ab0365f92187e0cf15f8b24ab1a8 DELETED
2013-08-15 11:42:19.076 GrocerySync[35714:c07] CouchDatabase: External change with seq=3
2013-08-15 11:42:19.077 GrocerySync[35714:c07] CouchLiveQuery: Starting...
2013-08-15 11:42:19.083 GrocerySync[35714:c07] **** CHANGE #6: CouchDocument[7E69..EDD6]  (null) -> 3-a71d2d58685c6d08a361ba47ac1790af
2013-08-15 11:42:19.083 GrocerySync[35714:c07] CouchDatabase: External change with seq=6
2013-08-15 11:42:19.084 GrocerySync[35714:c07] **** CHANGE #9: CouchDocument[EF97..8B53]  (null) -> 3-bcb66d46b8122ebffffc1226fe3c0eaa
2013-08-15 11:42:19.084 GrocerySync[35714:c07] CouchDatabase: External change with seq=9
2013-08-15 11:42:19.087 GrocerySync[35714:c07] CouchLiveQuery: ...Finished (status=200)
2013-08-15 11:42:19.087 GrocerySync[35714:3c07] CouchTouchDBServer[touchdb://server1/]: Replication progress changed
2013-08-15 11:42:19.088 GrocerySync[35714:c07] CouchLiveQuery: ...Rows changed! (now 2)
2013-08-15 11:42:19.098 GrocerySync[35714:c07] CouchPersistentReplication[609F..0C62] = Idle
2013-08-15 11:42:19.099 GrocerySync[35714:c07] SYNC progress: 0 / 0
